<?xml version="1.0" encoding="UTF-8"?>
<!-- Generated by org.testng.reporters.JUnitXMLReporter -->
<testsuite hostname="libingxindeMacBook-Pro.local" name="Command line test" tests="5" failures="3" timestamp="22 Mar 2016 09:57:14 GMT" time="3599.625" errors="0">
  <testcase name="testOrderHover" time="8.796" classname="zerozero.com.preorder.test.TestPreoderPage">
    <failure type="org.openqa.selenium.TimeoutException" message="Timed out after 5 seconds waiting for zerozero.com.preorder.test.common.Page.ResultPage$2@21a21c64
Build info: version: &amp;apos;2.53.0&amp;apos;, revision: &amp;apos;35ae25b1534ae328c771e0856c93e187490ca824&amp;apos;, time: &amp;apos;2016-03-15 10:43:46&amp;apos;
System info: host: &amp;apos;libingxindeMacBook-Pro.local&amp;apos;, ip: &amp;apos;192.168.188.54&amp;apos;, os.name: &amp;apos;Mac OS X&amp;apos;, os.arch: &amp;apos;x86_64&amp;apos;, os.version: &amp;apos;10.11.3&amp;apos;, java.version: &amp;apos;1.8.0_73&amp;apos;
Driver info: org.openqa.selenium.firefox.FirefoxDriver
Capabilities [{applicationCacheEnabled=true, rotatable=false, handlesAlerts=true, databaseEnabled=true, version=45.0, platform=MAC, nativeEvents=false, acceptSslCerts=true, webStorageEnabled=true, locationContextEnabled=true, browserName=firefox, takesScreenshot=true, javascriptEnabled=true, cssSelectorsEnabled=true}]
Session ID: e7a3e9a7-17b1-0142-a635-ce453c461cea">
      <![CDATA[org.openqa.selenium.TimeoutException: Timed out after 5 seconds waiting for zerozero.com.preorder.test.common.Page.ResultPage$2@21a21c64
Build info: version: '2.53.0', revision: '35ae25b1534ae328c771e0856c93e187490ca824', time: '2016-03-15 10:43:46'
System info: host: 'libingxindeMacBook-Pro.local', ip: '192.168.188.54', os.name: 'Mac OS X', os.arch: 'x86_64', os.version: '10.11.3', java.version: '1.8.0_73'
Driver info: org.openqa.selenium.firefox.FirefoxDriver
Capabilities [{applicationCacheEnabled=true, rotatable=false, handlesAlerts=true, databaseEnabled=true, version=45.0, platform=MAC, nativeEvents=false, acceptSslCerts=true, webStorageEnabled=true, locationContextEnabled=true, browserName=firefox, takesScreenshot=true, javascriptEnabled=true, cssSelectorsEnabled=true}]
Session ID: e7a3e9a7-17b1-0142-a635-ce453c461cea
	at org.openqa.selenium.support.ui.WebDriverWait.timeoutException(WebDriverWait.java:80)
	at org.openqa.selenium.support.ui.FluentWait.until(FluentWait.java:261)
	at zerozero.com.preorder.test.common.Page.ResultPage.isJumpConfirmSuc(ResultPage.java:211)
	at zerozero.com.preorder.test.common.Page.PreOderPage.verifySucOrder(PreOderPage.java:335)
	at zerozero.com.preorder.test.TestPreoderPage.testOrderHover(TestPreoderPage.java:151)
... Removed 34 stack frames]]>
    </failure>
  </testcase> <!-- testOrderHover -->
  <testcase name="testOrderHover" time="49.989" classname="zerozero.com.preorder.test.TestPreoderPage"/>
  <testcase name="testOrderHover" time="37.698" classname="zerozero.com.preorder.test.TestPreoderPage">
    <failure type="java.lang.AssertionError" message="FAILURE! Behavior of order with given info is not expected">
      <![CDATA[java.lang.AssertionError: FAILURE! Behavior of order with given info is not expected
	at zerozero.com.preorder.test.TestPreoderPage.testOrderHover(TestPreoderPage.java:157)
... Removed 36 stack frames]]>
    </failure>
  </testcase> <!-- testOrderHover -->
  <testcase name="testOrderHover" time="6.661" classname="zerozero.com.preorder.test.TestPreoderPage"/>
  <testcase name="testTaxRate" time="3466.33" classname="zerozero.com.preorder.test.TestPreoderPage">
    <failure type="java.lang.AssertionError" message="FAILURE! There are some error in rate calculation ,please check the log.">
      <![CDATA[java.lang.AssertionError: FAILURE! There are some error in rate calculation ,please check the log.
	at zerozero.com.preorder.test.TestPreoderPage.testTaxRate(TestPreoderPage.java:248)
... Removed 36 stack frames]]>
    </failure>
  </testcase> <!-- testTaxRate -->
</testsuite> <!-- Command line test -->
